app/build/intermediates/manifest_merge_blame_file/debug/manifest-merger-blame-debug-report.txt
1<?xml version="1.0" encoding="utf-8"?>
2<manifest xmlns:android="http://schemas.android.com/apk/res/android"
3    package="com.example.mymusicproject"
4    android:versionCode="1"
5    android:versionName="1.0" >
6
7    <uses-sdk
8        android:minSdkVersion="19"
8-->src/main/AndroidManifest.xml
9        android:targetSdkVersion="33" />
9-->src/main/AndroidManifest.xml
10
11    <uses-permission android:name="android.permission.INTERNET" />
11-->src/main/AndroidManifest.xml:5:5-67
11-->src/main/AndroidManifest.xml:5:22-64
12    <uses-permission android:name="android.permission.ACCESS_NETWORK_STATE" />
12-->[com.google.firebase:firebase-auth:22.0.0] AndroidManifest.xml:26:5-79
12-->[com.google.firebase:firebase-auth:22.0.0] AndroidManifest.xml:26:22-76
13    <uses-permission android:name="android.permission.WAKE_LOCK" />
13-->[com.google.android.gms:play-services-measurement-api:21.2.2] AndroidManifest.xml:24:5-68
13-->[com.google.android.gms:play-services-measurement-api:21.2.2] AndroidManifest.xml:24:22-65
14    <uses-permission android:name="com.google.android.gms.permission.AD_ID" />
14-->[com.google.android.gms:play-services-measurement-api:21.2.2] AndroidManifest.xml:25:5-79
14-->[com.google.android.gms:play-services-measurement-api:21.2.2] AndroidManifest.xml:25:22-76
15    <uses-permission android:name="com.google.android.finsky.permission.BIND_GET_INSTALL_REFERRER_SERVICE" />
15-->[com.google.android.gms:play-services-measurement:21.2.2] AndroidManifest.xml:26:5-110
15-->[com.google.android.gms:play-services-measurement:21.2.2] AndroidManifest.xml:26:22-107
16
17    <permission
17-->[androidx.core:core:1.9.0] AndroidManifest.xml:22:5-24:47
18        android:name="com.example.mymusicproject.DYNAMIC_RECEIVER_NOT_EXPORTED_PERMISSION"
18-->[androidx.core:core:1.9.0] AndroidManifest.xml:23:9-81
19        android:protectionLevel="signature" />
19-->[androidx.core:core:1.9.0] AndroidManifest.xml:24:9-44
20
21    <uses-permission android:name="com.example.mymusicproject.DYNAMIC_RECEIVER_NOT_EXPORTED_PERMISSION" />
21-->[androidx.core:core:1.9.0] AndroidManifest.xml:26:5-97
21-->[androidx.core:core:1.9.0] AndroidManifest.xml:26:22-94
22
23    <application
23-->src/main/AndroidManifest.xml:7:5-54:19
24        android:allowBackup="true"
24-->src/main/AndroidManifest.xml:8:9-35
25        android:appComponentFactory="androidx.core.app.CoreComponentFactory"
25-->[androidx.core:core:1.9.0] AndroidManifest.xml:28:18-86
26        android:dataExtractionRules="@xml/data_extraction_rules"
26-->src/main/AndroidManifest.xml:9:9-65
27        android:debuggable="true"
28        android:fullBackupContent="@xml/backup_rules"
28-->src/main/AndroidManifest.xml:10:9-54
29        android:icon="@drawable/book"
29-->src/main/AndroidManifest.xml:11:9-38
30        android:label="@string/app_name"
30-->src/main/AndroidManifest.xml:12:9-41
31        android:supportsRtl="true"
31-->src/main/AndroidManifest.xml:13:9-35
32        android:testOnly="true"
33        android:theme="@style/Theme.Design.Light.NoActionBar" >
33-->src/main/AndroidManifest.xml:14:9-62
34        <activity
34-->src/main/AndroidManifest.xml:16:9-18:40
35            android:name="com.example.mymusicproject.PdfListAdminActivity"
35-->src/main/AndroidManifest.xml:17:13-49
36            android:exported="false" />
36-->src/main/AndroidManifest.xml:18:13-37
37        <activity
37-->src/main/AndroidManifest.xml:19:9-21:40
38            android:name="com.example.mymusicproject.PdfAddActivity"
38-->src/main/AndroidManifest.xml:20:13-43
39            android:exported="false" />
39-->src/main/AndroidManifest.xml:21:13-37
40        <activity
40-->src/main/AndroidManifest.xml:22:9-24:40
41            android:name="com.example.mymusicproject.MainActivity"
41-->src/main/AndroidManifest.xml:23:13-41
42            android:exported="false" />
42-->src/main/AndroidManifest.xml:24:13-37
43        <activity
43-->src/main/AndroidManifest.xml:25:9-27:40
44            android:name="com.example.mymusicproject.AddCategoryActivity"
44-->src/main/AndroidManifest.xml:26:13-48
45            android:exported="false" />
45-->src/main/AndroidManifest.xml:27:13-37
46        <activity
46-->src/main/AndroidManifest.xml:28:9-30:40
47            android:name="com.example.mymusicproject.DashboardAdminActivity"
47-->src/main/AndroidManifest.xml:29:13-51
48            android:exported="false" />
48-->src/main/AndroidManifest.xml:30:13-37
49        <activity
49-->src/main/AndroidManifest.xml:31:9-33:40
50            android:name="com.example.mymusicproject.DashboardUserActivity"
50-->src/main/AndroidManifest.xml:32:13-50
51            android:exported="false" />
51-->src/main/AndroidManifest.xml:33:13-37
52        <activity
52-->src/main/AndroidManifest.xml:35:9-38:69
53            android:name="com.example.mymusicproject.SignupActivity"
53-->src/main/AndroidManifest.xml:36:13-43
54            android:exported="false"
54-->src/main/AndroidManifest.xml:37:13-37
55            android:theme="@style/Theme.Design.Light.NoActionBar" />
55-->src/main/AndroidManifest.xml:38:13-66
56        <activity
56-->src/main/AndroidManifest.xml:39:9-42:69
57            android:name="com.example.mymusicproject.LoginActivity"
57-->src/main/AndroidManifest.xml:40:13-42
58            android:exported="false"
58-->src/main/AndroidManifest.xml:41:13-37
59            android:theme="@style/Theme.Design.Light.NoActionBar" />
59-->src/main/AndroidManifest.xml:42:13-66
60        <activity
60-->src/main/AndroidManifest.xml:44:9-53:20
61            android:name="com.example.mymusicproject.SplashActivity"
61-->src/main/AndroidManifest.xml:45:13-43
62            android:exported="true"
62-->src/main/AndroidManifest.xml:46:13-36
63            android:theme="@style/Theme.Design.Light.NoActionBar" >
63-->src/main/AndroidManifest.xml:47:13-66
64            <intent-filter>
64-->src/main/AndroidManifest.xml:48:13-52:29
65                <action android:name="android.intent.action.MAIN" />
65-->src/main/AndroidManifest.xml:49:17-69
65-->src/main/AndroidManifest.xml:49:25-66
66
67                <category android:name="android.intent.category.LAUNCHER" />
67-->src/main/AndroidManifest.xml:51:17-77
67-->src/main/AndroidManifest.xml:51:27-74
68            </intent-filter>
69        </activity>
70
71        <service
71-->[com.google.firebase:firebase-auth-ktx:22.0.0] AndroidManifest.xml:8:9-14:19
72            android:name="com.google.firebase.components.ComponentDiscoveryService"
72-->[com.google.firebase:firebase-auth-ktx:22.0.0] AndroidManifest.xml:9:13-84
73            android:directBootAware="true"
73-->[com.google.firebase:firebase-common:20.3.2] AndroidManifest.xml:34:13-43
74            android:exported="false" >
74-->[com.google.firebase:firebase-auth-ktx:22.0.0] AndroidManifest.xml:10:13-37
75            <meta-data
75-->[com.google.firebase:firebase-auth-ktx:22.0.0] AndroidManifest.xml:11:13-13:85
76                android:name="com.google.firebase.components:com.google.firebase.auth.ktx.FirebaseAuthKtxRegistrar"
76-->[com.google.firebase:firebase-auth-ktx:22.0.0] AndroidManifest.xml:12:17-116
77                android:value="com.google.firebase.components.ComponentRegistrar" />
77-->[com.google.firebase:firebase-auth-ktx:22.0.0] AndroidManifest.xml:13:17-82
78            <meta-data
78-->[com.google.firebase:firebase-auth:22.0.0] AndroidManifest.xml:69:13-71:85
79                android:name="com.google.firebase.components:com.google.firebase.auth.FirebaseAuthRegistrar"
79-->[com.google.firebase:firebase-auth:22.0.0] AndroidManifest.xml:70:17-109
80                android:value="com.google.firebase.components.ComponentRegistrar" />
80-->[com.google.firebase:firebase-auth:22.0.0] AndroidManifest.xml:71:17-82
81            <meta-data
81-->[com.google.firebase:firebase-database-ktx:20.2.1] AndroidManifest.xml:14:13-16:85
82                android:name="com.google.firebase.components:com.google.firebase.database.ktx.FirebaseDatabaseKtxRegistrar"
82-->[com.google.firebase:firebase-database-ktx:20.2.1] AndroidManifest.xml:15:17-124
83                android:value="com.google.firebase.components.ComponentRegistrar" />
83-->[com.google.firebase:firebase-database-ktx:20.2.1] AndroidManifest.xml:16:17-82
84            <meta-data
84-->[com.google.firebase:firebase-storage-ktx:20.2.0] AndroidManifest.xml:14:13-16:85
85                android:name="com.google.firebase.components:com.google.firebase.storage.ktx.FirebaseStorageKtxRegistrar"
85-->[com.google.firebase:firebase-storage-ktx:20.2.0] AndroidManifest.xml:15:17-122
86                android:value="com.google.firebase.components.ComponentRegistrar" />
86-->[com.google.firebase:firebase-storage-ktx:20.2.0] AndroidManifest.xml:16:17-82
87            <meta-data
87-->[com.google.firebase:firebase-analytics-ktx:21.2.2] AndroidManifest.xml:11:13-13:85
88                android:name="com.google.firebase.components:com.google.firebase.analytics.ktx.FirebaseAnalyticsKtxRegistrar"
88-->[com.google.firebase:firebase-analytics-ktx:21.2.2] AndroidManifest.xml:12:17-126
89                android:value="com.google.firebase.components.ComponentRegistrar" />
89-->[com.google.firebase:firebase-analytics-ktx:21.2.2] AndroidManifest.xml:13:17-82
90            <meta-data
90-->[com.google.firebase:firebase-common-ktx:20.3.2] AndroidManifest.xml:14:13-16:85
91                android:name="com.google.firebase.components:com.google.firebase.ktx.FirebaseCommonKtxRegistrar"
91-->[com.google.firebase:firebase-common-ktx:20.3.2] AndroidManifest.xml:15:17-113
92                android:value="com.google.firebase.components.ComponentRegistrar" />
92-->[com.google.firebase:firebase-common-ktx:20.3.2] AndroidManifest.xml:16:17-82
93            <meta-data
93-->[com.google.firebase:firebase-database:20.2.1] AndroidManifest.xml:31:13-33:85
94                android:name="com.google.firebase.components:com.google.firebase.database.DatabaseRegistrar"
94-->[com.google.firebase:firebase-database:20.2.1] AndroidManifest.xml:32:17-109
95                android:value="com.google.firebase.components.ComponentRegistrar" />
95-->[com.google.firebase:firebase-database:20.2.1] AndroidManifest.xml:33:17-82
96            <meta-data
96-->[com.google.firebase:firebase-storage:20.2.0] AndroidManifest.xml:32:13-34:85
97                android:name="com.google.firebase.components:com.google.firebase.storage.StorageRegistrar"
97-->[com.google.firebase:firebase-storage:20.2.0] AndroidManifest.xml:33:17-107
98                android:value="com.google.firebase.components.ComponentRegistrar" />
98-->[com.google.firebase:firebase-storage:20.2.0] AndroidManifest.xml:34:17-82
99            <meta-data
99-->[com.google.android.gms:play-services-measurement-api:21.2.2] AndroidManifest.xml:31:13-33:85
100                android:name="com.google.firebase.components:com.google.firebase.analytics.connector.internal.AnalyticsConnectorRegistrar"
100-->[com.google.android.gms:play-services-measurement-api:21.2.2] AndroidManifest.xml:32:17-139
101                android:value="com.google.firebase.components.ComponentRegistrar" />
101-->[com.google.android.gms:play-services-measurement-api:21.2.2] AndroidManifest.xml:33:17-82
102            <meta-data
102-->[com.google.firebase:firebase-installations:17.1.3] AndroidManifest.xml:17:13-19:85
103                android:name="com.google.firebase.components:com.google.firebase.installations.FirebaseInstallationsRegistrar"
103-->[com.google.firebase:firebase-installations:17.1.3] AndroidManifest.xml:18:17-127
104                android:value="com.google.firebase.components.ComponentRegistrar" />
104-->[com.google.firebase:firebase-installations:17.1.3] AndroidManifest.xml:19:17-82
105        </service>
106
107        <activity
107-->[com.google.firebase:firebase-auth:22.0.0] AndroidManifest.xml:29:9-46:20
108            android:name="com.google.firebase.auth.internal.GenericIdpActivity"
108-->[com.google.firebase:firebase-auth:22.0.0] AndroidManifest.xml:30:13-80
109            android:excludeFromRecents="true"
109-->[com.google.firebase:firebase-auth:22.0.0] AndroidManifest.xml:31:13-46
110            android:exported="true"
110-->[com.google.firebase:firebase-auth:22.0.0] AndroidManifest.xml:32:13-36
111            android:launchMode="singleTask"
111-->[com.google.firebase:firebase-auth:22.0.0] AndroidManifest.xml:33:13-44
112            android:theme="@android:style/Theme.Translucent.NoTitleBar" >
112-->[com.google.firebase:firebase-auth:22.0.0] AndroidManifest.xml:34:13-72
113            <intent-filter>
113-->[com.google.firebase:firebase-auth:22.0.0] AndroidManifest.xml:35:13-45:29
114                <action android:name="android.intent.action.VIEW" />
114-->[com.google.firebase:firebase-auth:22.0.0] AndroidManifest.xml:36:17-69
114-->[com.google.firebase:firebase-auth:22.0.0] AndroidManifest.xml:36:25-66
115
116                <category android:name="android.intent.category.DEFAULT" />
116-->[com.google.firebase:firebase-auth:22.0.0] AndroidManifest.xml:38:17-76
116-->[com.google.firebase:firebase-auth:22.0.0] AndroidManifest.xml:38:27-73
117                <category android:name="android.intent.category.BROWSABLE" />
117-->[com.google.firebase:firebase-auth:22.0.0] AndroidManifest.xml:39:17-78
117-->[com.google.firebase:firebase-auth:22.0.0] AndroidManifest.xml:39:27-75
118
119                <data
119-->[com.google.firebase:firebase-auth:22.0.0] AndroidManifest.xml:41:17-44:51
120                    android:host="firebase.auth"
120-->[com.google.firebase:firebase-auth:22.0.0] AndroidManifest.xml:42:21-49
121                    android:path="/"
121-->[com.google.firebase:firebase-auth:22.0.0] AndroidManifest.xml:43:21-37
122                    android:scheme="genericidp" />
122-->[com.google.firebase:firebase-auth:22.0.0] AndroidManifest.xml:44:21-48
123            </intent-filter>
124        </activity>
125        <activity
125-->[com.google.firebase:firebase-auth:22.0.0] AndroidManifest.xml:47:9-64:20
126            android:name="com.google.firebase.auth.internal.RecaptchaActivity"
126-->[com.google.firebase:firebase-auth:22.0.0] AndroidManifest.xml:48:13-79
127            android:excludeFromRecents="true"
127-->[com.google.firebase:firebase-auth:22.0.0] AndroidManifest.xml:49:13-46
128            android:exported="true"
128-->[com.google.firebase:firebase-auth:22.0.0] AndroidManifest.xml:50:13-36
129            android:launchMode="singleTask"
129-->[com.google.firebase:firebase-auth:22.0.0] AndroidManifest.xml:51:13-44
130            android:theme="@android:style/Theme.Translucent.NoTitleBar" >
130-->[com.google.firebase:firebase-auth:22.0.0] AndroidManifest.xml:52:13-72
131            <intent-filter>
131-->[com.google.firebase:firebase-auth:22.0.0] AndroidManifest.xml:53:13-63:29
132                <action android:name="android.intent.action.VIEW" />
132-->[com.google.firebase:firebase-auth:22.0.0] AndroidManifest.xml:36:17-69
132-->[com.google.firebase:firebase-auth:22.0.0] AndroidManifest.xml:36:25-66
133
134                <category android:name="android.intent.category.DEFAULT" />
134-->[com.google.firebase:firebase-auth:22.0.0] AndroidManifest.xml:38:17-76
134-->[com.google.firebase:firebase-auth:22.0.0] AndroidManifest.xml:38:27-73
135                <category android:name="android.intent.category.BROWSABLE" />
135-->[com.google.firebase:firebase-auth:22.0.0] AndroidManifest.xml:39:17-78
135-->[com.google.firebase:firebase-auth:22.0.0] AndroidManifest.xml:39:27-75
136
137                <data
137-->[com.google.firebase:firebase-auth:22.0.0] AndroidManifest.xml:41:17-44:51
138                    android:host="firebase.auth"
138-->[com.google.firebase:firebase-auth:22.0.0] AndroidManifest.xml:42:21-49
139                    android:path="/"
139-->[com.google.firebase:firebase-auth:22.0.0] AndroidManifest.xml:43:21-37
140                    android:scheme="recaptcha" />
140-->[com.google.firebase:firebase-auth:22.0.0] AndroidManifest.xml:44:21-48
141            </intent-filter>
142        </activity>
143
144        <provider
144-->[com.google.firebase:firebase-common:20.3.2] AndroidManifest.xml:25:9-30:39
145            android:name="com.google.firebase.provider.FirebaseInitProvider"
145-->[com.google.firebase:firebase-common:20.3.2] AndroidManifest.xml:26:13-77
146            android:authorities="com.example.mymusicproject.firebaseinitprovider"
146-->[com.google.firebase:firebase-common:20.3.2] AndroidManifest.xml:27:13-72
147            android:directBootAware="true"
147-->[com.google.firebase:firebase-common:20.3.2] AndroidManifest.xml:28:13-43
148            android:exported="false"
148-->[com.google.firebase:firebase-common:20.3.2] AndroidManifest.xml:29:13-37
149            android:initOrder="100" />
149-->[com.google.firebase:firebase-common:20.3.2] AndroidManifest.xml:30:13-36
150
151        <activity
151-->[com.google.android.gms:play-services-base:18.1.0] AndroidManifest.xml:20:9-22:45
152            android:name="com.google.android.gms.common.api.GoogleApiActivity"
152-->[com.google.android.gms:play-services-base:18.1.0] AndroidManifest.xml:20:19-85
153            android:exported="false"
153-->[com.google.android.gms:play-services-base:18.1.0] AndroidManifest.xml:22:19-43
154            android:theme="@android:style/Theme.Translucent.NoTitleBar" />
154-->[com.google.android.gms:play-services-base:18.1.0] AndroidManifest.xml:21:19-78
155
156        <receiver
156-->[com.google.android.gms:play-services-measurement:21.2.2] AndroidManifest.xml:29:9-33:20
157            android:name="com.google.android.gms.measurement.AppMeasurementReceiver"
157-->[com.google.android.gms:play-services-measurement:21.2.2] AndroidManifest.xml:30:13-85
158            android:enabled="true"
158-->[com.google.android.gms:play-services-measurement:21.2.2] AndroidManifest.xml:31:13-35
159            android:exported="false" >
159-->[com.google.android.gms:play-services-measurement:21.2.2] AndroidManifest.xml:32:13-37
160        </receiver>
161
162        <service
162-->[com.google.android.gms:play-services-measurement:21.2.2] AndroidManifest.xml:35:9-38:40
163            android:name="com.google.android.gms.measurement.AppMeasurementService"
163-->[com.google.android.gms:play-services-measurement:21.2.2] AndroidManifest.xml:36:13-84
164            android:enabled="true"
164-->[com.google.android.gms:play-services-measurement:21.2.2] AndroidManifest.xml:37:13-35
165            android:exported="false" />
165-->[com.google.android.gms:play-services-measurement:21.2.2] AndroidManifest.xml:38:13-37
166        <service
166-->[com.google.android.gms:play-services-measurement:21.2.2] AndroidManifest.xml:39:9-43:72
167            android:name="com.google.android.gms.measurement.AppMeasurementJobService"
167-->[com.google.android.gms:play-services-measurement:21.2.2] AndroidManifest.xml:40:13-87
168            android:enabled="true"
168-->[com.google.android.gms:play-services-measurement:21.2.2] AndroidManifest.xml:41:13-35
169            android:exported="false"
169-->[com.google.android.gms:play-services-measurement:21.2.2] AndroidManifest.xml:42:13-37
170            android:permission="android.permission.BIND_JOB_SERVICE" />
170-->[com.google.android.gms:play-services-measurement:21.2.2] AndroidManifest.xml:43:13-69
171
172        <meta-data
172-->[com.google.android.gms:play-services-basement:18.1.0] AndroidManifest.xml:21:9-23:69
173            android:name="com.google.android.gms.version"
173-->[com.google.android.gms:play-services-basement:18.1.0] AndroidManifest.xml:22:13-58
174            android:value="@integer/google_play_services_version" />
174-->[com.google.android.gms:play-services-basement:18.1.0] AndroidManifest.xml:23:13-66
175
176        <provider
176-->[androidx.emoji2:emoji2:1.2.0] AndroidManifest.xml:24:9-32:20
177            android:name="androidx.startup.InitializationProvider"
177-->[androidx.emoji2:emoji2:1.2.0] AndroidManifest.xml:25:13-67
178            android:authorities="com.example.mymusicproject.androidx-startup"
178-->[androidx.emoji2:emoji2:1.2.0] AndroidManifest.xml:26:13-68
179            android:exported="false" >
179-->[androidx.emoji2:emoji2:1.2.0] AndroidManifest.xml:27:13-37
180            <meta-data
180-->[androidx.emoji2:emoji2:1.2.0] AndroidManifest.xml:29:13-31:52
181                android:name="androidx.emoji2.text.EmojiCompatInitializer"
181-->[androidx.emoji2:emoji2:1.2.0] AndroidManifest.xml:30:17-75
182                android:value="androidx.startup" />
182-->[androidx.emoji2:emoji2:1.2.0] AndroidManifest.xml:31:17-49
183            <meta-data
183-->[androidx.lifecycle:lifecycle-process:2.4.1] AndroidManifest.xml:31:13-33:52
184                android:name="androidx.lifecycle.ProcessLifecycleInitializer"
184-->[androidx.lifecycle:lifecycle-process:2.4.1] AndroidManifest.xml:32:17-78
185                android:value="androidx.startup" />
185-->[androidx.lifecycle:lifecycle-process:2.4.1] AndroidManifest.xml:33:17-49
186        </provider>
187    </application>
188
189</manifest>